0 info it worked if it ends with ok
1 verbose cli [ 'node', '/usr/local/bin/npm', 'install', '--save', 'greensock' ]
2 info using npm@1.3.11
3 info using node@v0.10.21
4 warn package.json @0.0.0 No description
5 warn package.json @0.0.0 No repository field.
6 warn package.json @0.0.0 No README data
7 verbose readDependencies using package.json deps
8 verbose cache add [ 'greensock', null ]
9 verbose cache add name=undefined spec="greensock" args=["greensock",null]
10 verbose parsed url { protocol: null,
10 verbose parsed url   slashes: null,
10 verbose parsed url   auth: null,
10 verbose parsed url   host: null,
10 verbose parsed url   port: null,
10 verbose parsed url   hostname: null,
10 verbose parsed url   hash: null,
10 verbose parsed url   search: null,
10 verbose parsed url   query: null,
10 verbose parsed url   pathname: 'greensock',
10 verbose parsed url   path: 'greensock',
10 verbose parsed url   href: 'greensock' }
11 silly lockFile 846c8060-greensock greensock
12 verbose lock greensock /Users/jhenry/.npm/846c8060-greensock.lock
13 silly lockFile 846c8060-greensock greensock
14 silly lockFile 846c8060-greensock greensock
15 verbose addNamed [ 'greensock', '' ]
16 verbose addNamed [ null, '*' ]
17 silly lockFile 142b8a60-greensock greensock@
18 verbose lock greensock@ /Users/jhenry/.npm/142b8a60-greensock.lock
19 silly addNameRange { name: 'greensock', range: '*', hasData: false }
20 verbose url raw greensock
21 verbose url resolving [ 'https://registry.npmjs.org/', './greensock' ]
22 verbose url resolved https://registry.npmjs.org/greensock
23 info trying registry request attempt 1 at 08:55:41
24 http GET https://registry.npmjs.org/greensock
25 http 404 https://registry.npmjs.org/greensock
26 silly registry.get cb [ 404,
26 silly registry.get   { date: 'Sun, 26 Jan 2014 16:55:42 GMT',
26 silly registry.get     server: 'CouchDB/1.5.0 (Erlang OTP/R15B03)',
26 silly registry.get     'content-type': 'application/json',
26 silly registry.get     'cache-control': 'max-age=0',
26 silly registry.get     'content-length': '52',
26 silly registry.get     'accept-ranges': 'bytes',
26 silly registry.get     via: '1.1 varnish',
26 silly registry.get     age: '0',
26 silly registry.get     'x-served-by': 'cache-lax1420-LAX',
26 silly registry.get     'x-cache': 'MISS',
26 silly registry.get     'x-cache-hits': '0',
26 silly registry.get     'x-timer': 'S1390755342.166289568,VS0,VE202',
26 silly registry.get     'keep-alive': 'timeout=10, max=50',
26 silly registry.get     connection: 'Keep-Alive' } ]
27 silly lockFile 142b8a60-greensock greensock@
28 silly lockFile 142b8a60-greensock greensock@
29 error 404 'greensock' is not in the npm registry.
29 error 404 You should bug the author to publish it
29 error 404
29 error 404 Note that you can also install from a
29 error 404 tarball, folder, or http url, or git url.
30 error System Darwin 13.0.0
31 error command "node" "/usr/local/bin/npm" "install" "--save" "greensock"
32 error cwd /Users/jhenry/Projects/kia
33 error node -v v0.10.21
34 error npm -v 1.3.11
35 error code E404
36 verbose exit [ 1, true ]
